2017-07-21 12:05:19---find a robot
2017-07-21 12:05:23---38420-- region:8-- type:0--value:1547184523-- status:SUCCESS
2017-07-21 12:05:28---38421-- region:8-- type:0--value:1547184876-- status:SUCCESS
2017-07-21 12:05:35---38422-- region:8-- type:0--value:1547185260-- status:SUCCESS
2017-07-21 12:05:43---38423-- region:8-- type:0--value:1547185856-- status:SUCCESS
2017-07-21 12:05:48---38424-- region:8-- type:0--value:1547186143-- status:SUCCESS
2017-07-21 12:05:59---find a robot
2017-07-21 12:06:04---38425-- region:8-- type:0--value:1547188731-- status:SUCCESS
2017-07-21 12:06:10---38426-- region:8-- type:0--value:1547190337-- status:SUCCESS
2017-07-21 12:06:15---38427-- region:8-- type:0--value:1547190345-- status:SUCCESS
2017-07-21 12:06:21---38428-- region:8-- type:0--value:154719037X-- status:SUCCESS
2017-07-21 12:06:26---38429-- region:8-- type:0--value:1547190388-- status:SUCCESS
2017-07-21 12:06:32---38430-- region:8-- type:0--value:1547190396-- status:SUCCESS
2017-07-21 12:06:37---38431-- region:8-- type:0--value:1554723930-- status:SUCCESS
2017-07-21 12:06:43---38432-- region:8-- type:0--value:155473942X-- status:SUCCESS
2017-07-21 12:06:48---38433-- region:8-- type:0--value:1556523238-- status:SUCCESS
2017-07-21 12:06:54---38434-- region:8-- type:0--value:1564900444-- status:SUCCESS
2017-07-21 12:06:58---38435-- region:8-- type:0--value:1570911681-- status:SUCCESS
2017-07-21 12:07:01---38436-- region:8-- type:0--value:1570917760-- status:SUCCESS
2017-07-21 12:07:07---38437-- region:8-- type:0--value:1593593627-- status:SUCCESS
2017-07-21 12:07:11---38438-- region:8-- type:0--value:4021902392-- status:SUCCESS
2017-07-21 12:07:15---38439-- region:8-- type:0--value:4050049201-- status:SUCCESS
2017-07-21 12:07:18---38440-- region:8-- type:0--value:4051500438-- status:SUCCESS
2017-07-21 12:07:24---38441-- region:8-- type:0--value:4051500454-- status:SUCCESS
2017-07-21 12:07:29---38442-- region:8-- type:0--value:4051500462-- status:SUCCESS
2017-07-21 12:07:33---38443-- region:8-- type:0--value:4051500470-- status:SUCCESS
2017-07-21 12:07:38---38444-- region:8-- type:0--value:4051500497-- status:SUCCESS
2017-07-21 12:07:42---38445-- region:8-- type:0--value:4051510158-- status:SUCCESS
2017-07-21 12:07:46---38446-- region:8-- type:0--value:4062681110-- status:SUCCESS
2017-07-21 12:07:49---38447-- region:8-- type:0--value:4063378500-- status:SUCCESS
2017-07-21 12:07:53---38448-- region:8-- type:0--value:4082450033-- status:SUCCESS
2017-07-21 12:07:58---38449-- region:8-- type:0--value:4092041039-- status:SUCCESS
2017-07-21 12:08:03---38450-- region:8-- type:0--value:4092533934-- status:SUCCESS
2017-07-21 12:08:08---38451-- region:8-- type:0--value:4092534159-- status:SUCCESS
2017-07-21 12:08:13---38452-- region:8-- type:0--value:4092534353-- status:SUCCESS
2017-07-21 12:08:16---38453-- region:8-- type:0--value:4097271725-- status:SUCCESS
2017-07-21 12:08:20---38454-- region:8-- type:0--value:4097352059-- status:SUCCESS
2017-07-21 12:08:23---38455-- region:8-- type:0--value:409746051X-- status:SUCCESS
2017-07-21 12:08:30---38456-- region:8-- type:0--value:4097460714-- status:SUCCESS
2017-07-21 12:08:34---38457-- region:8-- type:0--value:4097460749-- status:SUCCESS
2017-07-21 12:08:38---38458-- region:8-- type:0--value:4097466046-- status:SUCCESS
2017-07-21 12:08:41---38459-- region:8-- type:0--value:4140160950-- status:SUCCESS
2017-07-21 12:08:45---38460-- region:8-- type:0--value:4182469046-- status:SUCCESS
2017-07-21 12:08:49---38461-- region:8-- type:0--value:4253147356-- status:SUCCESS
2017-07-21 12:08:54---38462-- region:8-- type:0--value:4253147364-- status:SUCCESS
2017-07-21 12:08:59---38463-- region:8-- type:0--value:4253147372-- status:SUCCESS
2017-07-21 12:09:04---38464-- region:8-- type:0--value:4323050224-- status:SUCCESS
2017-07-21 12:09:11---38465-- region:2-- type:0--value:007177596X-- status:SUCCESS
2017-07-21 12:09:17---38466-- region:2-- type:0--value:0140567577-- status:SUCCESS
2017-07-21 12:09:22---38467-- region:2-- type:0--value:0375829261-- status:SUCCESS
2017-07-21 12:09:27---38468-- region:2-- type:0--value:0634030051-- status:SUCCESS
2017-07-21 12:09:33---38469-- region:2-- type:0--value:0771076509-- status:SUCCESS
2017-07-21 12:09:39---38470-- region:2-- type:0--value:0814432638-- status:SUCCESS
2017-07-21 12:09:45---38471-- region:2-- type:0--value:0865718164-- status:SUCCESS
2017-07-21 12:09:49---38472-- region:2-- type:0--value:1412784158-- status:SUCCESS
2017-07-21 12:09:53---38473-- region:2-- type:0--value:1412792886-- status:SUCCESS
2017-07-21 12:09:57---38474-- region:2-- type:0--value:1412795265-- status:SUCCESS
2017-07-21 12:10:03---38475-- region:2-- type:0--value:1417023082-- status:SUCCESS
2017-07-21 12:10:08---38476-- region:2-- type:0--value:1442466480-- status:SUCCESS
2017-07-21 12:10:15---38477-- region:2-- type:0--value:149220644X-- status:SUCCESS
2017-07-21 12:10:19---38478-- region:2-- type:0--value:150893259X-- status:SUCCESS
2017-07-21 12:10:24---38479-- region:2-- type:0--value:152322665X-- status:SUCCESS
2017-07-21 12:10:29---38480-- region:2-- type:0--value:1530379288-- status:SUCCESS
2017-07-21 12:10:35---38481-- region:2-- type:0--value:153037958X-- status:SUCCESS
2017-07-21 12:10:39---38482-- region:2-- type:0--value:1536894400-- status:SUCCESS
2017-07-21 12:10:45---38483-- region:2-- type:0--value:1537071734-- status:SUCCESS
2017-07-21 12:10:50---38484-- region:2-- type:0--value:1537080865-- status:SUCCESS
2017-07-21 12:10:55---38485-- region:2-- type:0--value:1537259377-- status:SUCCESS
2017-07-21 12:11:01---38486-- region:2-- type:0--value:1537531786-- status:SUCCESS
2017-07-21 12:11:07---38487-- region:2-- type:0--value:153918563X-- status:SUCCESS
2017-07-21 12:11:11---38488-- region:2-- type:0--value:1539854558-- status:SUCCESS
2017-07-21 12:11:15---38489-- region:2-- type:0--value:1539955184-- status:SUCCESS
2017-07-21 12:11:21---38490-- region:2-- type:0--value:1542718864-- status:SUCCESS
2017-07-21 12:11:26---38491-- region:2-- type:0--value:1542952530-- status:SUCCESS
2017-07-21 12:11:31---38492-- region:2-- type:0--value:1543018998-- status:SUCCESS
2017-07-21 12:11:37---38493-- region:2-- type:0--value:1544162413-- status:SUCCESS
2017-07-21 12:11:42---38494-- region:2-- type:0--value:1544171560-- status:SUCCESS
2017-07-21 12:11:47---38495-- region:2-- type:0--value:1544183917-- status:SUCCESS
2017-07-21 12:11:54---38496-- region:2-- type:0--value:1544796587-- status:SUCCESS
2017-07-21 12:11:58---38497-- region:2-- type:0--value:1544798040-- status:SUCCESS
2017-07-21 12:12:04---38498-- region:2-- type:0--value:1544798792-- status:SUCCESS
2017-07-21 12:12:10---38499-- region:2-- type:0--value:1544892233-- status:SUCCESS
2017-07-21 12:12:15---38500-- region:2-- type:0--value:1545027765-- status:SUCCESS
2017-07-21 12:12:20---38501-- region:2-- type:0--value:1545240965-- status:SUCCESS
2017-07-21 12:12:24---38502-- region:2-- type:0--value:1545327092-- status:SUCCESS
2017-07-21 12:12:30---38503-- region:2-- type:0--value:1545585547-- status:SUCCESS
2017-07-21 12:12:36---38504-- region:2-- type:0--value:1546322272-- status:SUCCESS
2017-07-21 12:12:42---38505-- region:2-- type:0--value:1551051737-- status:SUCCESS
2017-07-21 12:12:46---38506-- region:2-- type:0--value:1564900444-- status:SUCCESS
2017-07-21 12:12:52---38507-- region:2-- type:0--value:157660084X-- status:SUCCESS
2017-07-21 12:12:57---38508-- region:2-- type:0--value:1593594380-- status:SUCCESS
2017-07-21 12:13:04---38509-- region:2-- type:0--value:1617454435-- status:SUCCESS
2017-07-21 12:13:09---38510-- region:2-- type:0--value:1618931679-- status:SUCCESS
2017-07-21 12:13:15---38511-- region:2-- type:0--value:4062696304-- status:SUCCESS
2017-07-21 12:13:20---38512-- region:2-- type:0--value:4062696312-- status:SUCCESS
2017-07-21 12:13:24---38513-- region:2-- type:0--value:4062696355-- status:SUCCESS
2017-07-21 12:13:28---38514-- region:2-- type:0--value:4062696363-- status:SUCCESS
2017-07-21 12:13:34---38515-- region:2-- type:0--value:4092533985-- status:SUCCESS
2017-07-21 12:13:39---38516-- region:2-- type:0--value:4097266209-- status:SUCCESS
2017-07-21 12:13:43---38517-- region:2-- type:0--value:4182469046-- status:SUCCESS
2017-07-21 12:13:47---38518-- region:2-- type:0--value:4324023484-- status:SUCCESS
2017-07-21 12:13:50---38519-- region:2-- type:0--value:4324023492-- status:SUCCESS
2017-07-21 12:13:54---38520-- region:2-- type:0--value:4324023506-- status:SUCCESS
2017-07-21 12:13:58---38521-- region:2-- type:0--value:4324023514-- status:SUCCESS
2017-07-21 12:14:02---38522-- region:2-- type:0--value:4324023530-- status:SUCCESS
2017-07-21 12:14:06---38523-- region:2-- type:0--value:4326298464-- status:SUCCESS
2017-07-21 12:14:11---38524-- region:2-- type:0--value:4408361143-- status:SUCCESS
2017-07-21 12:14:16---38525-- region:2-- type:0--value:4418038140-- status:SUCCESS
2017-07-21 12:14:20---38526-- region:2-- type:0--value:456962670X-- status:SUCCESS
2017-07-21 12:14:27---38527-- region:2-- type:0--value:4577018241-- status:SUCCESS
2017-07-21 12:14:31---38528-- region:2-- type:0--value:4591057844-- status:SUCCESS
2017-07-21 12:14:35---38529-- region:2-- type:0--value:4591084418-- status:SUCCESS
2017-07-21 12:14:42---38530-- region:2-- type:0--value:4591133834-- status:SUCCESS
2017-07-21 12:14:46---38531-- region:2-- type:0--value:4757408331-- status:SUCCESS
2017-07-21 12:14:50---38532-- region:2-- type:0--value:4772911561-- status:SUCCESS
2017-07-21 12:14:54---38533-- region:2-- type:0--value:4794503237-- status:SUCCESS
2017-07-21 12:14:59---38534-- region:2-- type:0--value:4795217467-- status:SUCCESS
2017-07-21 12:15:03---38535-- region:2-- type:0--value:4796689516-- status:SUCCESS
2017-07-21 12:15:07---38536-- region:2-- type:0--value:4796689532-- status:SUCCESS
2017-07-21 12:15:11---38537-- region:2-- type:0--value:4809413012-- status:SUCCESS
2017-07-21 12:15:16---38538-- region:2-- type:0--value:4834718603-- status:SUCCESS
2017-07-21 12:15:21---38539-- region:2-- type:0--value:4834721469-- status:SUCCESS
2017-07-21 12:15:25---38540-- region:2-- type:0--value:483472428X-- status:SUCCESS
2017-07-21 12:15:29---38541-- region:2-- type:0--value:4834725553-- status:SUCCESS
2017-07-21 12:15:33---38542-- region:2-- type:0--value:4834730387-- status:SUCCESS
2017-07-21 12:15:39---38543-- region:2-- type:0--value:4834731367-- status:SUCCESS
2017-07-21 12:15:45---38544-- region:2-- type:0--value:4834734072-- status:SUCCESS
2017-07-21 12:15:50---38545-- region:2-- type:0--value:4873803179-- status:SUCCESS
2017-07-21 12:15:55---38546-- region:2-- type:0--value:4881313207-- status:SUCCESS
2017-07-21 12:15:59---38547-- region:2-- type:0--value:4890701818-- status:SUCCESS
2017-07-21 12:16:05---38548-- region:2-- type:0--value:4893614029-- status:SUCCESS
2017-07-21 12:16:09---38549-- region:2-- type:0--value:4900801062-- status:SUCCESS
2017-07-21 12:16:14---38550-- region:2-- type:0--value:4901868179-- status:SUCCESS
2017-07-21 12:16:20---38551-- region:2-- type:0--value:490257716X-- status:SUCCESS
2017-07-21 12:16:26---38552-- region:2-- type:0--value:8883704894-- status:SUCCESS
2017-07-21 12:16:32---38553-- region:2-- type:0--value:8883704983-- status:SUCCESS
2017-07-21 12:16:38---38554-- region:2-- type:0--value:9089703888-- status:SUCCESS
2017-07-21 12:16:44---38555-- region:2-- type:0--value:9792284044-- status:SUCCESS
2017-07-21 12:16:48---38556-- region:2-- type:0--value:9872529418-- status:SUCCESS
2017-07-21 12:16:54---38557-- region:2-- type:0--value:B0000222V1-- status:SUCCESS
2017-07-21 12:17:01---38558-- region:2-- type:0--value:B000024ZGE-- status:SUCCESS
2017-07-21 12:17:07---38559-- region:2-- type:0--value:B00002N8NR-- status:SUCCESS
2017-07-21 12:17:15---38560-- region:2-- type:0--value:B00002NB2X-- status:SUCCESS
2017-07-21 12:17:21---38561-- region:2-- type:0--value:B00002NBK1-- status:SUCCESS
2017-07-21 12:17:27---38562-- region:2-- type:0--value:B0000302YN-- status:SUCCESS
2017-07-21 12:17:34---38563-- region:2-- type:0--value:B00004SYN5-- status:SUCCESS
2017-07-21 12:17:40---38564-- region:2-- type:0--value:B00004T7OX-- status:SUCCESS
2017-07-21 12:17:43---find a robot
2017-07-21 12:17:51---38565-- region:1-- type:0--value:4591105709-- status:SUCCESS
2017-07-21 12:17:57---38566-- region:1-- type:0--value:4591108872-- status:SUCCESS
2017-07-21 12:18:03---38567-- region:1-- type:0--value:4591111903-- status:SUCCESS
2017-07-21 12:18:09---38568-- region:1-- type:0--value:4591132188-- status:SUCCESS
2017-07-21 12:18:15---38569-- region:1-- type:0--value:459113363X-- status:SUCCESS
2017-07-21 12:18:20---38570-- region:1-- type:0--value:4795217157-- status:SUCCESS
2017-07-21 12:18:25---38571-- region:1-- type:0--value:4796689516-- status:SUCCESS
2017-07-21 12:18:29---38572-- region:1-- type:0--value:4796689532-- status:SUCCESS
2017-07-21 12:18:33---38573-- region:1-- type:0--value:4811372239-- status:SUCCESS
2017-07-21 12:18:39---38574-- region:1-- type:0--value:4834716260-- status:SUCCESS
2017-07-21 12:18:43---38575-- region:1-- type:0--value:4834721469-- status:SUCCESS
2017-07-21 12:18:48---38576-- region:1-- type:0--value:483472428X-- status:SUCCESS
2017-07-21 12:18:53---38577-- region:1-- type:0--value:4834725553-- status:SUCCESS
2017-07-21 12:18:58---38578-- region:1-- type:0--value:4834730387-- status:SUCCESS
2017-07-21 12:19:03---38579-- region:1-- type:0--value:4834731790-- status:SUCCESS
2017-07-21 12:19:07---38580-- region:1-- type:0--value:4834734072-- status:SUCCESS
2017-07-21 12:19:13---38581-- region:1-- type:0--value:4863224125-- status:SUCCESS
2017-07-21 12:19:17---38582-- region:1-- type:0--value:4873803179-- status:SUCCESS
2017-07-21 12:19:21---38583-- region:1-- type:0--value:4875740646-- status:SUCCESS
2017-07-21 12:19:26---38584-- region:1-- type:0--value:4881313088-- status:SUCCESS
2017-07-21 12:19:31---38585-- region:1-- type:0--value:488131310X-- status:SUCCESS
2017-07-21 12:19:36---38586-- region:1-- type:0--value:4881313207-- status:SUCCESS
2017-07-21 12:19:41---38587-- region:1-- type:0--value:4889693467-- status:SUCCESS
2017-07-21 12:19:46---38588-- region:1-- type:0--value:4889693548-- status:SUCCESS
2017-07-21 12:19:52---38589-- region:1-- type:0--value:4902577119-- status:SUCCESS
2017-07-21 12:19:57---38590-- region:1-- type:0--value:4902577127-- status:SUCCESS
2017-07-21 12:20:02---38591-- region:1-- type:0--value:490257716X-- status:SUCCESS
2017-07-21 12:20:08---38592-- region:1-- type:0--value:6030537040-- status:SUCCESS
2017-07-21 12:20:14---38593-- region:1-- type:0--value:6041206407-- status:SUCCESS
2017-07-21 12:20:20---38594-- region:1-- type:0--value:6066078216-- status:SUCCESS
2017-07-21 12:20:26---38595-- region:1-- type:0--value:6151015770-- status:SUCCESS
2017-07-21 12:20:33---38596-- region:1-- type:0--value:8867323679-- status:SUCCESS
2017-07-21 12:20:41---38597-- region:1-- type:0--value:8883701127-- status:SUCCESS
2017-07-21 12:20:46---38598-- region:1-- type:0--value:9872529418-- status:SUCCESS
2017-07-21 12:20:54---38599-- region:1-- type:0--value:B000008KKW-- status:SUCCESS
2017-07-21 12:21:00---38600-- region:1-- type:0--value:B00002N8NR-- status:SUCCESS
2017-07-21 12:21:06---38601-- region:1-- type:0--value:B00002X222-- status:SUCCESS
2017-07-21 12:21:13---38602-- region:1-- type:0--value:B00004T7R7-- status:SUCCESS
2017-07-21 12:21:18---38603-- region:1-- type:0--value:B00004T7R8-- status:SUCCESS
2017-07-21 12:21:26---38604-- region:1-- type:0--value:B00004T7TB-- status:SUCCESS
2017-07-21 12:21:31---38605-- region:1-- type:0--value:B00004T7V5-- status:SUCCESS
2017-07-21 12:21:39---38606-- region:1-- type:0--value:B00004T7VT-- status:SUCCESS
2017-07-21 12:21:45---38607-- region:1-- type:0--value:B00004T81Y-- status:SUCCESS
2017-07-21 12:21:51---38608-- region:1-- type:0--value:B00004T82I-- status:SUCCESS
2017-07-21 12:21:57---38609-- region:1-- type:0--value:B00004TZF9-- status:SUCCESS
2017-07-21 12:22:05---38610-- region:1-- type:0--value:B00005B0DY-- status:SUCCESS
2017-07-21 12:22:10---38611-- region:1-- type:0--value:B00005EO0J-- status:SUCCESS
2017-07-21 12:22:16---38612-- region:1-- type:0--value:B00005EWS0-- status:SUCCESS
2017-07-21 12:22:23---38613-- region:1-- type:0--value:B00005EX1S-- status:SUCCESS
2017-07-21 12:22:30---38614-- region:1-- type:0--value:B00005JN0A-- status:SUCCESS
2017-07-21 12:22:37---38615-- region:1-- type:0--value:B00005ODXX-- status:SUCCESS
2017-07-21 12:22:41---38616-- region:1-- type:0--value:B000068HFE-- status:SUCCESS
2017-07-21 12:22:45---38617-- region:1-- type:0--value:B000068HFJ-- status:SUCCESS
2017-07-21 12:22:51---38618-- region:1-- type:0--value:B000068HT7-- status:SUCCESS
2017-07-21 12:22:56---38619-- region:1-- type:0--value:B000068I9S-- status:SUCCESS
2017-07-21 12:23:01---38620-- region:1-- type:0--value:B000068I9U-- status:SUCCESS
2017-07-21 12:23:05---38621-- region:1-- type:0--value:B000069SZP-- status:SUCCESS
2017-07-21 12:23:13---38622-- region:1-- type:0--value:B000069TR1-- status:SUCCESS
2017-07-21 12:23:19---38623-- region:1-- type:0--value:B000069TRH-- status:SUCCESS
2017-07-21 12:23:24---38624-- region:1-- type:0--value:B000069UHZ-- status:SUCCESS
2017-07-21 12:23:28---38625-- region:1-- type:0--value:B000069UI5-- status:SUCCESS
2017-07-21 12:23:33---38626-- region:1-- type:0--value:B00006LJMZ-- status:SUCCESS
2017-07-21 12:23:37---38627-- region:1-- type:0--value:B00006LJRJ-- status:SUCCESS
2017-07-21 12:23:43---38628-- region:1-- type:0--value:B00006LJXL-- status:SUCCESS
2017-07-21 12:23:48---38629-- region:1-- type:0--value:B00007F1IV-- status:SUCCESS
2017-07-21 12:23:53---38630-- region:1-- type:0--value:B000092P59-- status:SUCCESS
2017-07-21 12:23:57---38631-- region:1-- type:0--value:B00009KQB9-- status:SUCCESS
2017-07-21 12:24:05---38632-- region:1-- type:0--value:B0000C665C-- status:SUCCESS
2017-07-21 12:24:11---38633-- region:1-- type:0--value:B0000C6WPC-- status:SUCCESS
2017-07-21 12:24:19---38634-- region:1-- type:0--value:B0000ZPPI2-- status:SUCCESS
2017-07-21 12:24:25---38635-- region:1-- type:0--value:B0000ZPW9Y-- status:SUCCESS
2017-07-21 12:24:29---38636-- region:1-- type:0--value:B0000ZPWA8-- status:SUCCESS
2017-07-21 12:24:34---38637-- region:1-- type:0--value:B00014AU64-- status:SUCCESS
2017-07-21 12:24:42---38638-- region:1-- type:0--value:B0001IWUEU-- status:SUCCESS
2017-07-21 12:24:51---38639-- region:1-- type:0--value:B0001IWV80-- status:SUCCESS
2017-07-21 12:24:58---38640-- region:1-- type:0--value:B0001IWVYE-- status:SUCCESS
2017-07-21 12:25:05---38641-- region:1-- type:0--value:B0001IWW4I-- status:SUCCESS
2017-07-21 12:25:13---38642-- region:1-- type:0--value:B0001IWWUM-- status:SUCCESS
2017-07-21 12:25:20---38643-- region:1-- type:0--value:B0001IWZGS-- status:SUCCESS
2017-07-21 12:25:29---38644-- region:1-- type:0--value:B0001IX2YC-- status:SUCCESS
2017-07-21 12:25:35---38645-- region:1-- type:0--value:B00028493Y-- status:SUCCESS
2017-07-21 12:25:41---38646-- region:1-- type:0--value:B0002I72NI-- status:SUCCESS
2017-07-21 12:25:48---38647-- region:1-- type:0--value:B0002Q2GJ0-- status:SUCCESS
2017-07-21 12:25:54---38648-- region:1-- type:0--value:B0002WYRTQ-- status:SUCCESS
2017-07-21 12:26:03---38649-- region:1-- type:0--value:B0002YYE5G-- status:SUCCESS
2017-07-21 12:26:12---38650-- region:1-- type:0--value:B00032Q5N6-- status:SUCCESS
2017-07-21 12:26:18---38651-- region:1-- type:0--value:B000657PLQ-- status:SUCCESS
2017-07-21 12:26:22---38652-- region:1-- type:0--value:B000657QC4-- status:SUCCESS
2017-07-21 12:26:28---38653-- region:1-- type:0--value:B000657QCE-- status:SUCCESS
2017-07-21 12:26:33---38654-- region:1-- type:0--value:B000683E5O-- status:SUCCESS
2017-07-21 12:26:40---38655-- region:1-- type:0--value:B00078E2U4-- status:SUCCESS
2017-07-21 12:26:46---38656-- region:1-- type:0--value:B00079PRWA-- status:SUCCESS
2017-07-21 12:26:51---38657-- region:1-- type:0--value:B0007M30A8-- status:SUCCESS
2017-07-21 12:26:57---38658-- region:1-- type:0--value:B0007M30AI-- status:SUCCESS
2017-07-21 12:27:05---38659-- region:1-- type:0--value:B0007M30B2-- status:SUCCESS
2017-07-21 12:27:11---38660-- region:1-- type:0--value:B0007M30BC-- status:SUCCESS
2017-07-21 12:27:18---38661-- region:1-- type:0--value:B0007M30BM-- status:SUCCESS
2017-07-21 12:27:24---38662-- region:1-- type:0--value:B0007M30BW-- status:SUCCESS
2017-07-21 12:27:29---38663-- region:1-- type:0--value:B0009K74HS-- status:SUCCESS
2017-07-21 12:27:35---38664-- region:1-- type:0--value:B0009S8J1A-- status:SUCCESS
2017-07-21 12:27:45---38665-- region:1-- type:0--value:B000AXVP4M-- status:SUCCESS
2017-07-21 12:27:51---38666-- region:1-- type:0--value:B000BNDIM8-- status:SUCCESS
2017-07-21 12:27:57---38667-- region:1-- type:0--value:B000BO5A64-- status:SUCCESS
2017-07-21 12:28:02---38668-- region:1-- type:0--value:B000BOAU32-- status:SUCCESS
2017-07-21 12:28:07---38669-- region:1-- type:0--value:B000BPSKZG-- status:SUCCESS
2017-07-21 12:28:12---38670-- region:1-- type:0--value:B000BQUUWG-- status:SUCCESS
2017-07-21 12:28:18---38671-- region:1-- type:0--value:B000COBT9A-- status:SUCCESS
2017-07-21 12:28:24---38672-- region:1-- type:0--value:B000DZTROC-- status:SUCCESS
2017-07-21 12:28:31---38673-- region:1-- type:0--value:B000EX0AE4-- status:SUCCESS
2017-07-21 12:28:36---38674-- region:1-- type:0--value:B000FOPMMM-- status:SUCCESS
2017-07-21 12:28:43---38675-- region:1-- type:0--value:B000FTCFZY-- status:SUCCESS
2017-07-21 12:28:49---38676-- region:1-- type:0--value:B000GA8ROU-- status:SUCCESS
2017-07-21 12:28:55---38677-- region:1-- type:0--value:B000GLJSA6-- status:SUCCESS
2017-07-21 12:29:01---38678-- region:1-- type:0--value:B000GUCDDG-- status:SUCCESS
2017-07-21 12:29:07---38679-- region:1-- type:0--value:B000GUEAUK-- status:SUCCESS
2017-07-21 12:29:13---38680-- region:1-- type:0--value:B000GUEAVO-- status:SUCCESS
2017-07-21 12:29:20---38681-- region:1-- type:0--value:B000HEWFBQ-- status:SUCCESS
2017-07-21 12:29:28---38682-- region:1-- type:0--value:B000HHOAFW-- status:SUCCESS
2017-07-21 12:29:36---38683-- region:1-- type:0--value:B000HLZXH2-- status:SUCCESS
2017-07-21 12:29:42---38684-- region:1-- type:0--value:B000I1RRKM-- status:SUCCESS
2017-07-21 12:29:48---38685-- region:1-- type:0--value:B000I1TDKE-- status:SUCCESS
2017-07-21 12:29:57---38686-- region:1-- type:0--value:B000I5ZNC2-- status:SUCCESS
2017-07-21 12:30:04---38687-- region:1-- type:0--value:B000JF4250-- status:SUCCESS
2017-07-21 12:30:11---38688-- region:1-- type:0--value:B000KA6B08-- status:SUCCESS
2017-07-21 12:30:19---38689-- region:1-- type:0--value:B000KD0BI8-- status:SUCCESS
2017-07-21 12:30:28---38690-- region:1-- type:0--value:B000KKRD8W-- status:SUCCESS
2017-07-21 12:30:34---38691-- region:1-- type:0--value:B000KL7OXK-- status:SUCCESS
2017-07-21 12:30:40---38692-- region:1-- type:0--value:B000KPSIEK-- status:SUCCESS
2017-07-21 12:30:46---38693-- region:1-- type:0--value:B000LFY7YY-- status:SUCCESS
2017-07-21 12:30:53---38694-- region:1-- type:0--value:B000LFZ0KE-- status:SUCCESS
2017-07-21 12:30:59---38695-- region:1-- type:0--value:B000LK1Z9Y-- status:SUCCESS
2017-07-21 12:31:07---38696-- region:1-- type:0--value:B000LPZTQY-- status:SUCCESS
2017-07-21 12:31:14---38697-- region:1-- type:0--value:B000MGBSOY-- status:SUCCESS
2017-07-21 12:31:22---38698-- region:1-- type:0--value:B000N4JDY2-- status:SUCCESS
2017-07-21 12:31:29---38699-- region:1-- type:0--value:B000NGADDK-- status:SUCCESS
2017-07-21 12:31:36---38700-- region:1-- type:0--value:B000O22Y94-- status:SUCCESS
2017-07-21 12:31:43---38701-- region:1-- type:0--value:B000O2MFA2-- status:SUCCESS
2017-07-21 12:31:50---38702-- region:1-- type:0--value:B000O3SXS4-- status:SUCCESS
2017-07-21 12:31:58---38703-- region:1-- type:0--value:B000OC1OOU-- status:SUCCESS
2017-07-21 12:32:07---38704-- region:1-- type:0--value:B000OMG0KI-- status:SUCCESS
2017-07-21 12:32:16---38705-- region:1-- type:0--value:B000P1KSPG-- status:SUCCESS
2017-07-21 12:32:24---38706-- region:1-- type:0--value:B000P3WW12-- status:SUCCESS
2017-07-21 12:32:30---38707-- region:1-- type:0--value:B000R847NQ-- status:SUCCESS
2017-07-21 12:32:36---38708-- region:1-- type:0--value:B000SAS0PE-- status:SUCCESS
2017-07-21 12:32:44---38709-- region:1-- type:0--value:B000T5OTHQ-- status:SUCCESS
2017-07-21 12:32:50---38710-- region:1-- type:0--value:B000TGFSBG-- status:SUCCESS
2017-07-21 12:32:55---38711-- region:1-- type:0--value:B000UGM3YA-- status:SUCCESS
2017-07-21 12:33:02---38712-- region:1-- type:0--value:B000UQG1KC-- status:SUCCESS
2017-07-21 12:33:08---38713-- region:1-- type:0--value:B000UTUFP6-- status:SUCCESS
2017-07-21 12:33:14---38714-- region:1-- type:0--value:B000UUSNNQ-- status:SUCCESS
2017-07-21 12:33:22---38715-- region:1-- type:0--value:B000V3SB0C-- status:SUCCESS
2017-07-21 12:33:30---38716-- region:1-- type:0--value:B000V4FJ4C-- status:SUCCESS
2017-07-21 12:33:37---38717-- region:1-- type:0--value:B000W058C8-- status:SUCCESS
2017-07-21 12:33:43---38718-- region:1-- type:0--value:B000WT8M0Y-- status:SUCCESS
2017-07-21 12:33:49---38719-- region:1-- type:0--value:B000X4J8HE-- status:SUCCESS
2017-07-21 12:33:55---38720-- region:1-- type:0--value:B000XAN05O-- status:SUCCESS
2017-07-21 12:34:03---38721-- region:1-- type:0--value:B000XQ9PZ2-- status:SUCCESS
2017-07-21 12:34:10---38722-- region:1-- type:0--value:B0012IUZ68-- status:SUCCESS
2017-07-21 12:34:18---38723-- region:1-- type:0--value:B00157KLBK-- status:SUCCESS
2017-07-21 12:34:26---38724-- region:1-- type:0--value:B0015MNIN8-- status:SUCCESS
2017-07-21 12:34:33---38725-- region:1-- type:0--value:B0015MNJ1O-- status:SUCCESS
2017-07-21 12:34:40---38726-- region:1-- type:0--value:B0016KU1XO-- status:SUCCESS
2017-07-21 12:34:45---38727-- region:1-- type:0--value:B0018ANJIG-- status:SUCCESS
2017-07-21 12:34:51---38728-- region:1-- type:0--value:B0018BM61Q-- status:SUCCESS
2017-07-21 12:34:57---38729-- region:1-- type:0--value:B0019JRL4O-- status:SUCCESS
2017-07-21 12:35:03---38730-- region:1-- type:0--value:B001A1UIL4-- status:SUCCESS
2017-07-21 12:35:09---38731-- region:1-- type:0--value:B001AEH634-- status:SUCCESS
2017-07-21 12:35:15---38732-- region:1-- type:0--value:B001AFFVWQ-- status:SUCCESS
2017-07-21 12:35:21---38733-- region:1-- type:0--value:B001AN0DRQ-- status:SUCCESS
2017-07-21 12:35:27---38734-- region:1-- type:0--value:B001AWXPAY-- status:SUCCESS
2017-07-21 12:35:34---38735-- region:1-- type:0--value:B001B0QKLG-- status:SUCCESS
2017-07-21 12:35:42---38736-- region:1-- type:0--value:B001B2S422-- status:SUCCESS
2017-07-21 12:35:49---38737-- region:1-- type:0--value:B001BCSUKI-- status:SUCCESS
2017-07-21 12:35:55---38738-- region:1-- type:0--value:B001CEGHSC-- status:SUCCESS
2017-07-21 12:36:01---38739-- region:1-- type:0--value:B001CHIUT8-- status:SUCCESS
2017-07-21 12:36:07---38740-- region:1-- type:0--value:B001DSQN7W-- status:SUCCESS
2017-07-21 12:36:16---38741-- region:1-- type:0--value:B001DXG4HQ-- status:SUCCESS
2017-07-21 12:36:22---38742-- region:1-- type:0--value:B001EVP2BQ-- status:SUCCESS
2017-07-21 12:36:28---38743-- region:1-- type:0--value:B001F7OV0W-- status:SUCCESS
2017-07-21 12:36:36---38744-- region:1-- type:0--value:B001G5SU5K-- status:SUCCESS
2017-07-21 12:36:42---38745-- region:1-- type:0--value:B001IROPSM-- status:SUCCESS
2017-07-21 12:36:49---38746-- region:1-- type:0--value:B001J292BG-- status:SUCCESS
2017-07-21 12:36:56---38747-- region:1-- type:0--value:B001JI21I6-- status:SUCCESS
2017-07-21 12:37:03---38748-- region:1-- type:0--value:B001JY8YVI-- status:SUCCESS
2017-07-21 12:37:08---38749-- region:1-- type:0--value:B001KWD996-- status:SUCCESS
2017-07-21 12:37:19---38750-- region:1-- type:0--value:B001MVAOU2-- status:SUCCESS
2017-07-21 12:37:25---38751-- region:1-- type:0--value:B001N00GHS-- status:SUCCESS
2017-07-21 12:37:32---38752-- region:1-- type:0--value:B001P42MGU-- status:SUCCESS
2017-07-21 12:37:40---38753-- region:1-- type:0--value:B001PHA0KW-- status:SUCCESS
2017-07-21 12:37:46---38754-- region:1-- type:0--value:B001TOC3P6-- status:SUCCESS
2017-07-21 12:37:53---38755-- region:1-- type:0--value:B001TOC3RE-- status:SUCCESS
2017-07-21 12:37:59---38756-- region:1-- type:0--value:B001TOC3UG-- status:SUCCESS
2017-07-21 12:38:06---38757-- region:1-- type:0--value:B001TOFRGS-- status:SUCCESS
2017-07-21 12:38:16---38758-- region:1-- type:0--value:B001TOJG10-- status:SUCCESS
2017-07-21 12:38:23---38759-- region:1-- type:0--value:B001TOJG9M-- status:SUCCESS
2017-07-21 12:38:28---38760-- region:1-- type:0--value:B001TOLFXW-- status:SUCCESS
2017-07-21 12:38:37---38761-- region:1-- type:0--value:B001TOLG04-- status:SUCCESS
2017-07-21 12:38:43---38762-- region:1-- type:0--value:B001TON9UO-- status:SUCCESS
2017-07-21 12:38:52---38763-- region:1-- type:0--value:B001U3ZQS2-- status:SUCCESS
2017-07-21 12:39:01---38764-- region:1-- type:0--value:B001U3ZQX2-- status:SUCCESS
2017-07-21 12:39:06---38765-- region:1-- type:0--value:B001UA7RWI-- status:SUCCESS
2017-07-21 12:39:12---38766-- region:1-- type:0--value:B001UA990G-- status:SUCCESS
2017-07-21 12:39:19---38767-- region:1-- type:0--value:B001UC55UC-- status:SUCCESS
2017-07-21 12:39:24---38768-- region:1-- type:0--value:B001UQ5P1W-- status:SUCCESS
2017-07-21 12:39:32---38769-- region:1-- type:0--value:B0020YNHCM-- status:SUCCESS
2017-07-21 12:39:38---38770-- region:1-- type:0--value:B0024LVE1W-- status:SUCCESS
2017-07-21 12:39:45---38771-- region:1-- type:0--value:B0026JHXQM-- status:SUCCESS
2017-07-21 12:39:52---38772-- region:1-- type:0--value:B0026O8XNE-- status:SUCCESS
2017-07-21 12:40:02---38773-- region:1-- type:0--value:B00275F5EM-- status:SUCCESS
2017-07-21 12:40:10---38774-- region:1-- type:0--value:B0029VA4DG-- status:SUCCESS
2017-07-21 12:40:17---38775-- region:1-- type:0--value:B002BT0BD4-- status:SUCCESS
2017-07-21 12:40:24---38776-- region:1-- type:0--value:B002CI89Q0-- status:SUCCESS
2017-07-21 12:40:28---38777-- region:1-- type:0--value:B002DWAUXU-- status:SUCCESS
2017-07-21 12:40:33---38778-- region:1-- type:0--value:B002DWAV4S-- status:SUCCESS
2017-07-21 12:40:37---38779-- region:1-- type:0--value:B002DWAVCU-- status:SUCCESS
2017-07-21 12:40:42---38780-- region:1-- type:0--value:B002DWAX5K-- status:SUCCESS
2017-07-21 12:40:48---38781-- region:1-- type:0--value:B002DWAX64-- status:SUCCESS
2017-07-21 12:40:53---38782-- region:1-- type:0--value:B002DWAXA0-- status:SUCCESS
2017-07-21 12:40:58---38783-- region:1-- type:0--value:B002DWAXC8-- status:SUCCESS
2017-07-21 12:41:04---38784-- region:1-- type:0--value:B002E1KHBK-- status:SUCCESS
2017-07-21 12:41:11---38785-- region:1-- type:0--value:B002E3GRYO-- status:SUCCESS
2017-07-21 12:41:17---38786-- region:1-- type:0--value:B002JUDJBG-- status:SUCCESS
2017-07-21 12:41:25---38787-- region:1-- type:0--value:B002K858HA-- status:SUCCESS
2017-07-21 12:41:31---38788-- region:1-- type:0--value:B002K8AEOC-- status:SUCCESS
2017-07-21 12:41:37---38789-- region:1-- type:0--value:B002K962SI-- status:SUCCESS
2017-07-21 12:41:46---38790-- region:1-- type:0--value:B002KCZKXS-- status:SUCCESS
2017-07-21 12:41:53---38791-- region:1-- type:0--value:B002KHJYBM-- status:SUCCESS
2017-07-21 12:41:59---38792-- region:1-- type:0--value:B002KL6C72-- status:SUCCESS
2017-07-21 12:42:06---38793-- region:1-- type:0--value:B002LRCEN6-- status:SUCCESS
2017-07-21 12:42:13---38794-- region:1-- type:0--value:B002M81QA6-- status:SUCCESS
2017-07-21 12:42:19---38795-- region:1-- type:0--value:B002OGOSRY-- status:SUCCESS
2017-07-21 12:42:25---38796-- region:1-- type:0--value:B002OL2GHS-- status:SUCCESS
2017-07-21 12:42:31---38797-- region:1-- type:0--value:B002OOWKQW-- status:SUCCESS
2017-07-21 12:42:36---38798-- region:1-- type:0--value:B002Q8241M-- status:SUCCESS
2017-07-21 12:42:42---38799-- region:1-- type:0--value:B002RVW9SG-- status:SUCCESS
2017-07-21 12:42:49---38800-- region:1-- type:0--value:B002SY8TK4-- status:SUCCESS
2017-07-21 12:42:57---38801-- region:1-- type:0--value:B002TEXEAI-- status:SUCCESS
2017-07-21 12:43:03---38802-- region:1-- type:0--value:B002W6YYXY-- status:SUCCESS
2017-07-21 12:43:08---38803-- region:1-- type:0--value:B002XY46OW-- status:SUCCESS
2017-07-21 12:43:13---38804-- region:1-- type:0--value:B002XY46PQ-- status:SUCCESS
2017-07-21 12:43:23---38805-- region:1-- type:0--value:B002Y1FD5U-- status:SUCCESS
2017-07-21 12:43:30---38806-- region:1-- type:0--value:B002Y8X7N8-- status:SUCCESS
2017-07-21 12:43:37---38807-- region:1-- type:0--value:B002YJWDY6-- status:SUCCESS
2017-07-21 12:43:44---38808-- region:1-- type:0--value:B002ZHIBAM-- status:SUCCESS
2017-07-21 12:43:50---38809-- region:1-- type:0--value:B00302F6WC-- status:SUCCESS
2017-07-21 12:43:59---38810-- region:1-- type:0--value:B00309QC8M-- status:SUCCESS
2017-07-21 12:44:05---38811-- region:1-- type:0--value:B0030JB7N2-- status:SUCCESS
2017-07-21 12:44:12---38812-- region:1-- type:0--value:B0031EOJCM-- status:SUCCESS
2017-07-21 12:44:20---38813-- region:1-- type:0--value:B0031EUNHM-- status:SUCCESS
2017-07-21 12:44:27---38814-- region:1-- type:0--value:B0033QQ2B4-- status:SUCCESS
2017-07-21 12:44:35---38815-- region:1-- type:0--value:B00342V1V8-- status:SUCCESS
2017-07-21 12:44:43---38816-- region:1-- type:0--value:B003551M9K-- status:SUCCESS
2017-07-21 12:44:51---38817-- region:1-- type:0--value:B0035BDJFE-- status:SUCCESS
2017-07-21 12:44:58---38818-- region:1-- type:0--value:B0035BJHGO-- status:SUCCESS
2017-07-21 12:45:06---38819-- region:1-- type:0--value:B0035LXOPY-- status:SUCCESS
2017-07-21 12:45:13---38820-- region:1-- type:0--value:B0036A8Y6S-- status:SUCCESS
2017-07-21 12:45:21---38821-- region:1-- type:0--value:B0036PSX0K-- status:SUCCESS
2017-07-21 12:45:28---38822-- region:1-- type:0--value:B0036PXME2-- status:SUCCESS
2017-07-21 12:45:33---38823-- region:1-- type:0--value:B003774Y8M-- status:SUCCESS
2017-07-21 12:45:40---38824-- region:1-- type:0--value:B0037XQT7A-- status:SUCCESS
2017-07-21 12:45:48---38825-- region:1-- type:0--value:B00385LJAY-- status:SUCCESS
2017-07-21 12:45:54---38826-- region:1-- type:0--value:B003891RMA-- status:SUCCESS
2017-07-21 12:46:01---38827-- region:1-- type:0--value:B0039X4NYY-- status:SUCCESS
2017-07-21 12:46:07---38828-- region:1-- type:0--value:B003A5PB2O-- status:SUCCESS
2017-07-21 12:46:15---38829-- region:1-- type:0--value:B003A5PB3S-- status:SUCCESS
2017-07-21 12:46:21---38830-- region:1-- type:0--value:B003BEHL0Y-- status:SUCCESS
2017-07-21 12:46:29---38831-- region:1-- type:0--value:B003BEHL18-- status:SUCCESS
2017-07-21 12:46:37---38832-- region:1-- type:0--value:B003CK4V8C-- status:SUCCESS
2017-07-21 12:46:45---38833-- region:1-- type:0--value:B003CKNYPS-- status:SUCCESS
2017-07-21 12:46:53---38834-- region:1-- type:0--value:B003CR6DWM-- status:SUCCESS
2017-07-21 12:47:00---38835-- region:1-- type:0--value:B003E5RO70-- status:SUCCESS
2017-07-21 12:47:06---38836-- region:1-- type:0--value:B003EDB5UE-- status:SUCCESS
2017-07-21 12:47:12---38837-- region:1-- type:0--value:B003EVHV6S-- status:SUCCESS
2017-07-21 12:47:22---38838-- region:1-- type:0--value:B003H05L5O-- status:SUCCESS
2017-07-21 12:47:28---38839-- region:1-- type:0--value:B003JT7SK4-- status:SUCCESS
2017-07-21 12:47:34---38840-- region:1-- type:0--value:B003JTZD8I-- status:SUCCESS
2017-07-21 12:47:39---38841-- region:1-- type:0--value:B003M78X3Y-- status:SUCCESS
2017-07-21 12:47:45---38842-- region:1-- type:0--value:B003OD0J1K-- status:SUCCESS
2017-07-21 12:47:50---38843-- region:1-- type:0--value:B003OM2LYY-- status:SUCCESS
2017-07-21 12:47:58---38844-- region:1-- type:0--value:B003REDIGO-- status:SUCCESS
2017-07-21 12:48:05---38845-- region:1-- type:0--value:B003S49FE2-- status:SUCCESS
2017-07-21 12:48:11---38846-- region:1-- type:0--value:B003SI0LE6-- status:SUCCESS
2017-07-21 12:48:17---38847-- region:1-- type:0--value:B003SI7PXG-- status:SUCCESS
2017-07-21 12:48:23---38848-- region:1-- type:0--value:B003UNUMAW-- status:SUCCESS
2017-07-21 12:48:31---38849-- region:1-- type:0--value:B003UW5PVE-- status:SUCCESS
2017-07-21 12:48:37---38850-- region:1-- type:0--value:B003UYYR0C-- status:SUCCESS
2017-07-21 12:48:43---38851-- region:1-- type:0--value:B003VJSCL6-- status:SUCCESS
2017-07-21 12:48:48---38852-- region:1-- type:0--value:B003WL0Z90-- status:SUCCESS
2017-07-21 12:48:57---38853-- region:1-- type:0--value:B003WOJ6FQ-- status:SUCCESS
2017-07-21 12:49:06---38854-- region:1-- type:0--value:B003X2JHL0-- status:SUCCESS
2017-07-21 12:49:13---38855-- region:1-- type:0--value:B003YBUQ2O-- status:SUCCESS
2017-07-21 12:49:19---38856-- region:1-- type:0--value:B003YFH8EE-- status:SUCCESS
2017-07-21 12:49:25---38857-- region:1-- type:0--value:B003YFH9WU-- status:SUCCESS
2017-07-21 12:49:31---38858-- region:1-- type:0--value:B003ZWOEMA-- status:SUCCESS
2017-07-21 12:49:39---38859-- region:1-- type:0--value:B0041H4K8G-- status:SUCCESS
2017-07-21 12:49:46---38860-- region:1-- type:0--value:B0041LE4BK-- status:SUCCESS
2017-07-21 12:49:53---38861-- region:1-- type:0--value:B0041OSWUG-- status:SUCCESS
2017-07-21 12:49:59---38862-- region:1-- type:0--value:B0041R9NMO-- status:SUCCESS
2017-07-21 12:50:05---38863-- region:1-- type:0--value:B0042VK7LK-- status:SUCCESS
2017-07-21 12:50:11---38864-- region:1-- type:0--value:B0042VK7RO-- status:SUCCESS
2017-07-21 12:50:17---38865-- region:1-- type:0--value:B0042VK7SI-- status:SUCCESS
2017-07-21 12:50:22---38866-- region:1-- type:0--value:B004706WMO-- status:SUCCESS
2017-07-21 12:50:29---38867-- region:1-- type:0--value:B004724O72-- status:SUCCESS
2017-07-21 12:50:34---38868-- region:1-- type:0--value:B0047OO6YG-- status:SUCCESS
2017-07-21 12:50:44---38869-- region:1-- type:0--value:B0047TRZUI-- status:SUCCESS
2017-07-21 12:50:50---38870-- region:1-- type:0--value:B0049DYW3A-- status:SUCCESS
2017-07-21 12:50:57---38871-- region:1-- type:0--value:B004A8G7N2-- status:SUCCESS
2017-07-21 12:51:04---38872-- region:1-- type:0--value:B004AE2DRK-- status:SUCCESS
2017-07-21 12:51:10---38873-- region:1-- type:0--value:B004ALL01S-- status:SUCCESS
2017-07-21 12:51:18---38874-- region:1-- type:0--value:B004ALQPD6-- status:SUCCESS
2017-07-21 12:51:24---38875-- region:1-- type:0--value:B004B8GQ3C-- status:SUCCESS
2017-07-21 12:51:29---38876-- region:1-- type:0--value:B004CTMBXY-- status:SUCCESS
2017-07-21 12:51:36---38877-- region:1-- type:0--value:B004DJ65XK-- status:SUCCESS
2017-07-21 12:51:42---38878-- region:1-- type:0--value:B004DJ7NOK-- status:SUCCESS
2017-07-21 12:51:48---38879-- region:1-- type:0--value:B004G2M7CM-- status:SUCCESS
2017-07-21 12:51:55---38880-- region:1-- type:0--value:B004H3TDTK-- status:SUCCESS
2017-07-21 12:52:01---38881-- region:1-- type:0--value:B004H7QGZA-- status:SUCCESS
2017-07-21 12:52:08---38882-- region:1-- type:0--value:B004HQX9TM-- status:SUCCESS
2017-07-21 12:52:15---38883-- region:1-- type:0--value:B004HZC3LS-- status:SUCCESS
2017-07-21 12:52:21---38884-- region:1-- type:0--value:B004I0L3UE-- status:SUCCESS
2017-07-21 12:52:30---38885-- region:1-- type:0--value:B004JV34RC-- status:SUCCESS
2017-07-21 12:52:38---38886-- region:1-- type:0--value:B004K1SCL4-- status:SUCCESS
2017-07-21 12:52:44---38887-- region:1-- type:0--value:B004L27QEG-- status:SUCCESS
2017-07-21 12:52:52---38888-- region:1-- type:0--value:B004LLNLX2-- status:SUCCESS
2017-07-21 12:52:57---38889-- region:1-- type:0--value:B004LOG2RQ-- status:SUCCESS
2017-07-21 12:53:03---38890-- region:1-- type:0--value:B004M3M26Q-- status:SUCCESS
2017-07-21 12:53:09---38891-- region:1-- type:0--value:B004M58D7Q-- status:SUCCESS
2017-07-21 12:53:15---38892-- region:1-- type:0--value:B004M5FWDE-- status:SUCCESS
2017-07-21 12:53:23---38893-- region:1-- type:0--value:B004M5SDXK-- status:SUCCESS
2017-07-21 12:53:30---38894-- region:1-- type:0--value:B004M5UKNG-- status:SUCCESS
2017-07-21 12:53:36---38895-- region:1-- type:0--value:B004MGCOKM-- status:SUCCESS
2017-07-21 12:53:42---38896-- region:1-- type:0--value:B004MMC5T6-- status:SUCCESS
2017-07-21 12:53:48---38897-- region:1-- type:0--value:B004NO55IG-- status:SUCCESS
2017-07-21 12:53:57---38898-- region:1-- type:0--value:B004O6JT44-- status:SUCCESS
2017-07-21 12:54:06---38899-- region:1-- type:0--value:B004PASL20-- status:SUCCESS
2017-07-21 12:54:13---38900-- region:1-- type:0--value:B004PBH48Q-- status:SUCCESS
2017-07-21 12:54:19---38901-- region:1-- type:0--value:B004PGTOJS-- status:SUCCESS
2017-07-21 12:54:26---38902-- region:1-- type:0--value:B004Q3CJQ0-- status:SUCCESS
2017-07-21 12:54:32---38903-- region:1-- type:0--value:B004QEWRBG-- status:SUCCESS
2017-07-21 12:54:40---38904-- region:1-- type:0--value:B004R9ZFX2-- status:SUCCESS
2017-07-21 12:54:48---38905-- region:1-- type:0--value:B004RCQD44-- status:SUCCESS
2017-07-21 12:54:53---38906-- region:1-- type:0--value:B004SBHAD2-- status:SUCCESS
2017-07-21 12:54:59---38907-- region:1-- type:0--value:B004SCV1S6-- status:SUCCESS
2017-07-21 12:55:05---38908-- region:1-- type:0--value:B004U5F3OE-- status:SUCCESS
2017-07-21 12:55:10---38909-- region:1-- type:0--value:B004U7K888-- status:SUCCESS
2017-07-21 12:55:18---38910-- region:1-- type:0--value:B004V31NXU-- status:SUCCESS
2017-07-21 12:55:23---38911-- region:1-- type:0--value:B004VDKC14-- status:SUCCESS
2017-07-21 12:55:29---38912-- region:1-- type:0--value:B004VU8K4S-- status:SUCCESS
2017-07-21 12:55:37---38913-- region:1-- type:0--value:B004WAWF5W-- status:SUCCESS
2017-07-21 12:55:44---38914-- region:1-- type:0--value:B004WLWL8M-- status:SUCCESS
2017-07-21 12:55:52---38915-- region:1-- type:0--value:B004XA81OU-- status:SUCCESS
2017-07-21 12:56:02---38916-- region:1-- type:0--value:B004XL757S-- status:SUCCESS
2017-07-21 12:56:08---38917-- region:1-- type:0--value:B004Z558EO-- status:SUCCESS
2017-07-21 12:56:14---38918-- region:1-- type:0--value:B004Z558J4-- status:SUCCESS
2017-07-21 12:56:23---38919-- region:1-- type:0--value:B00507T8BU-- status:SUCCESS
2017-07-21 12:56:30---38920-- region:1-- type:0--value:B0050DLDJE-- status:SUCCESS
2017-07-21 12:56:37---38921-- region:1-- type:0--value:B0050MHUEW-- status:SUCCESS
2017-07-21 12:56:43---38922-- region:1-- type:0--value:B005346PTI-- status:SUCCESS
2017-07-21 12:56:48---38923-- region:1-- type:0--value:B00563PEXY-- status:SUCCESS
2017-07-21 12:56:58---38924-- region:1-- type:0--value:B0056FXFRO-- status:SUCCESS
2017-07-21 13:35:07---find a robot
2017-07-21 13:35:13---38925-- region:1-- type:0--value:B0056IYF66-- status:SUCCESS
2017-07-21 13:35:20---38926-- region:1-- type:0--value:B0057FM0WY-- status:SUCCESS
2017-07-21 13:35:25---38927-- region:1-- type:0--value:B005ASYGL6-- status:SUCCESS
2017-07-21 13:35:31---38928-- region:1-- type:0--value:B005BA7OWQ-- status:SUCCESS
2017-07-21 13:35:37---38929-- region:1-- type:0--value:B005BHNCO8-- status:SUCCESS
2017-07-21 13:35:43---38930-- region:1-- type:0--value:B005CPUB98-- status:SUCCESS
2017-07-21 13:35:48---38931-- region:1-- type:0--value:B005ERMXKO-- status:SUCCESS
2017-07-21 13:35:54---38932-- region:1-- type:0--value:B005ERMXV8-- status:SUCCESS
2017-07-21 13:36:00---38933-- region:1-- type:0--value:B005EYWT38-- status:SUCCESS
2017-07-21 13:36:06---38934-- region:1-- type:0--value:B005F9EOKS-- status:SUCCESS
2017-07-21 13:36:11---38935-- region:1-- type:0--value:B005FNWFYQ-- status:SUCCESS
2017-07-21 13:36:17---38936-- region:1-- type:0--value:B005FP2YSG-- status:SUCCESS
2017-07-21 13:36:23---38937-- region:1-- type:0--value:B005FQPQ4Y-- status:SUCCESS
2017-07-21 13:36:28---38938-- region:1-- type:0--value:B005GBUGZM-- status:SUCCESS
2017-07-21 13:36:34---38939-- region:1-- type:0--value:B005GFHYA8-- status:SUCCESS
2017-07-21 13:36:40---38940-- region:1-- type:0--value:B005HVXV8U-- status:SUCCESS
2017-07-21 13:36:45---38941-- region:1-- type:0--value:B005K8DTMI-- status:SUCCESS
2017-07-21 13:36:51---38942-- region:1-- type:0--value:B005LB3QNG-- status:SUCCESS
2017-07-21 13:36:57---38943-- region:1-- type:0--value:B005LUS5AG-- status:SUCCESS
2017-07-21 13:37:03---38944-- region:1-- type:0--value:B005LXDETU-- status:SUCCESS
2017-07-21 13:37:09---38945-- region:1-- type:0--value:B005MIXHMS-- status:SUCCESS
2017-07-21 13:37:16---38946-- region:1-- type:0--value:B005NB0EUW-- status:SUCCESS
2017-07-21 13:37:22---38947-- region:1-- type:0--value:B005NV7IHY-- status:SUCCESS
2017-07-21 13:37:23---38948-- region:1-- type:0--value:B005NX0PZE-- status:SUCCESS
2017-07-21 13:37:28---38949-- region:1-- type:0--value:B005OWUBQM-- status:SUCCESS
2017-07-21 13:37:34---38950-- region:1-- type:0--value:B005OWUFFY-- status:SUCCESS
2017-07-21 13:37:39---38951-- region:1-- type:0--value:B005OWUW3Y-- status:SUCCESS
2017-07-21 13:37:43---38952-- region:1-- type:0--value:B005P3EQZW-- status:SUCCESS
2017-07-21 13:37:51---38953-- region:1-- type:0--value:B005Q6CJI4-- status:SUCCESS
